#
# A fatal error has been detected by the Java Runtime Environment:
#
#  Internal Error (javaCalls.cpp:51), pid=11150, tid=0x0000000000004c03
#  guarantee(thread->is_Java_thread()) failed: crucial check - the VM thread cannot and must not escape to Java code
#
# JRE version: Java(TM) SE Runtime Environment (8.0_192-b12) (build 1.8.0_192-b12)
# Java VM: Java HotSpot(TM) 64-Bit Server VM (25.192-b12 mixed mode bsd-amd64 compressed oops)
# Failed to write core dump. Core dumps have been disabled. To enable core dumping, try "ulimit -c unlimited" before starting Java again
#
# If you would like to submit a bug report, please visit:
#   http://bugreport.java.com/bugreport/crash.jsp
#

---------------  T H R E A D  ---------------

Current thread (0x00007f8c1a052800):  VMThread [stack: 0x000070000140b000,0x000070000150b000] [id=19459]

Stack: [0x000070000140b000,0x000070000150b000],  sp=0x0000700001509b40,  free space=1018k
Native frames: (J=compiled Java code, j=interpreted, Vv=VM code, C=native code)
V  [libjvm.dylib+0x5b5f9a]  VMError::report_and_die()+0x3f8
V  [libjvm.dylib+0x1e9131]  report_vm_error(char const*, int, char const*, char const*)+0x54
V  [libjvm.dylib+0x2ef8ac]  JavaCallWrapper::JavaCallWrapper(methodHandle, Handle, JavaValue*, Thread*)+0x64
V  [libjvm.dylib+0x2f0164]  JavaCalls::call_helper(JavaValue*, methodHandle*, JavaCallArguments*, Thread*)+0x608
V  [libjvm.dylib+0x2f0697]  JavaCalls::call_special(JavaValue*, KlassHandle, Symbol*, Symbol*, JavaCallArguments*, Thread*)+0x111
V  [libjvm.dylib+0x243cf3]  Exceptions::new_exception(Thread*, Symbol*, Symbol*, JavaCallArguments*, Handle, Handle)+0xc7
V  [libjvm.dylib+0x243dee]  Exceptions::new_exception(Thread*, Symbol*, Symbol*, JavaCallArguments*, Handle, Handle, Handle)+0x28
V  [libjvm.dylib+0x24404d]  Exceptions::new_exception(Thread*, Symbol*, char const*, Handle, Handle, Handle, Exceptions::ExceptionMsgToUtf8Mode)+0x169
V  [libjvm.dylib+0x244068]  Exceptions::new_exception(Thread*, Symbol*, char const*, Exceptions::ExceptionMsgToUtf8Mode)+0x18
V  [libjvm.dylib+0x287e9f]  GenerateOopMap::verify_error(char const*, ...)+0xed
V  [libjvm.dylib+0x287f2f]  GenerateOopMap::check_type(CellTypeState, CellTypeState)+0x4b
V  [libjvm.dylib+0x28824b]  GenerateOopMap::ppop(CellTypeState*)+0x37
V  [libjvm.dylib+0x289152]  GenerateOopMap::do_field(int, int, int, int)+0xf2
V  [libjvm.dylib+0x28ab04]  GenerateOopMap::interp_bb(BasicBlock*)+0x104
V  [libjvm.dylib+0x28ad53]  GenerateOopMap::interp_all()+0x31
V  [libjvm.dylib+0x28b2ea]  GenerateOopMap::do_interpretation()+0x44
V  [libjvm.dylib+0x28b703]  GenerateOopMap::compute_map(Thread*)+0x1fb
V  [libjvm.dylib+0x4858d1]  OopMapForCacheEntry::compute_map(Thread*)+0x8f
V  [libjvm.dylib+0x485ada]  OopMapCacheEntry::fill(methodHandle, int)+0x19e
V  [libjvm.dylib+0x48600d]  OopMapCache::lookup(methodHandle, int, InterpreterOopMap*) const+0x2f7
V  [libjvm.dylib+0x2c3020]  InstanceKlass::mask_for(methodHandle, int, InterpreterOopMap*)+0xd2
V  [libjvm.dylib+0x4535fd]  Method::mask_for(int, InterpreterOopMap*)+0xb3
V  [libjvm.dylib+0x39b50f]  VM_GetOrSetLocal::doit()+0x47
V  [libjvm.dylib+0x5bdc19]  VM_Operation::evaluate()+0x4f
V  [libjvm.dylib+0x5bc1b1]  VMThread::evaluate_operation(VM_Operation*)+0xdf
V  [libjvm.dylib+0x5bc5fe]  VMThread::loop()+0x328
V  [libjvm.dylib+0x5bbf1d]  VMThread::run()+0x79
V  [libjvm.dylib+0x48e96a]  java_start(Thread*)+0xf6
C  [libsystem_pthread.dylib+0x6109]  _pthread_start+0x94
C  [libsystem_pthread.dylib+0x1b8b]  thread_start+0xf

VM_Operation (0x0000700001a1ca18): GetOrSetLocal, mode: safepoint, requested by thread 0x00007f8c1a815000


---------------  P R O C E S S  ---------------

Java Threads: ( => current thread )
  0x00007f8c1eac6000 JavaThread "process reaper" daemon [_thread_blocked, id=23311, stack(0x0000700001797000,0x00007000017bf000)]
  0x00007f8c0be2f800 JavaThread "DestroyJavaVM" [_thread_blocked, id=3587, stack(0x00007000008ea000,0x00007000009ea000)]
  0x00007f8bfee9a000 JavaThread "scheduling-1" [_thread_blocked, id=35587, stack(0x0000700003571000,0x0000700003671000)]
  0x00007f8c1b817000 JavaThread "http-nio-8081-Acceptor" daemon [_thread_in_native, id=26115, stack(0x000070000346e000,0x000070000356e000)]
  0x00007f8c0fc67800 JavaThread "http-nio-8081-ClientPoller" daemon [_thread_in_native, id=25859, stack(0x000070000336b000,0x000070000346b000)]
  0x00007f8c0835a800 JavaThread "http-nio-8081-exec-10" daemon [_thread_blocked, id=25603, stack(0x0000700003268000,0x0000700003368000)]
  0x00007f8c1f050800 JavaThread "http-nio-8081-exec-9" daemon [_thread_blocked, id=25347, stack(0x0000700003165000,0x0000700003265000)]
  0x00007f8c1e8d3000 JavaThread "http-nio-8081-exec-8" daemon [_thread_blocked, id=36611, stack(0x0000700003062000,0x0000700003162000)]
  0x00007f8c1f820000 JavaThread "http-nio-8081-exec-7" daemon [_thread_blocked, id=37123, stack(0x0000700002f5f000,0x000070000305f000)]
  0x00007f8c0fc55000 JavaThread "http-nio-8081-exec-6" daemon [_thread_blocked, id=37635, stack(0x0000700002e5c000,0x0000700002f5c000)]
  0x00007f8c1e923800 JavaThread "http-nio-8081-exec-5" daemon [_thread_blocked, id=24835, stack(0x0000700002d59000,0x0000700002e59000)]
  0x00007f8c16a20800 JavaThread "http-nio-8081-exec-4" daemon [_thread_blocked, id=38403, stack(0x0000700002c56000,0x0000700002d56000)]
  0x00007f8c1f81f000 JavaThread "http-nio-8081-exec-3" daemon [_thread_blocked, id=24579, stack(0x0000700002b53000,0x0000700002c53000)]
  0x00007f8c20013800 JavaThread "http-nio-8081-exec-2" daemon [_thread_blocked, id=38915, stack(0x0000700002a50000,0x0000700002b50000)]
  0x00007f8c1432c000 JavaThread "http-nio-8081-exec-1" daemon [_thread_blocked, id=39427, stack(0x000070000294d000,0x0000700002a4d000)]
  0x00007f8c0fc60000 JavaThread "http-nio-8081-BlockPoller" daemon [_thread_in_native, id=39939, stack(0x000070000284a000,0x000070000294a000)]
  0x00007f8c08a79800 JavaThread "Thread-2" daemon [_thread_blocked, id=24071, stack(0x000070000243e000,0x000070000253e000)]
  0x00007f8c18acb800 JavaThread "container-0" [_thread_blocked, id=40451, stack(0x0000700002747000,0x0000700002847000)]
  0x00007f8c0c876800 JavaThread "Catalina-utility-2" [_thread_blocked, id=40707, stack(0x0000700002644000,0x0000700002744000)]
  0x00007f8c0c893000 JavaThread "Catalina-utility-1" [_thread_blocked, id=41219, stack(0x0000700002541000,0x0000700002641000)]
  0x00007f8c22cce000 JavaThread "HikariPool-1 housekeeper" daemon [_thread_blocked, id=22791, stack(0x000070000233b000,0x000070000243b000)]
  0x00007f8c2577a800 JavaThread "mysql-cj-abandoned-connection-cleanup" daemon [_thread_blocked, id=14347, stack(0x0000700002238000,0x0000700002338000)]
  0x00007f8c1a234800 JavaThread "Service Thread" daemon [_thread_blocked, id=22019, stack(0x0000700002032000,0x0000700002132000)]
  0x00007f8c1817e000 JavaThread "C1 CompilerThread3" daemon [_thread_blocked, id=42499, stack(0x0000700001f2f000,0x000070000202f000)]
  0x00007f8c1817d000 JavaThread "C2 CompilerThread2" daemon [_thread_blocked, id=43011, stack(0x0000700001e2c000,0x0000700001f2c000)]
  0x00007f8c1a22a000 JavaThread "C2 CompilerThread1" daemon [_thread_blocked, id=21763, stack(0x0000700001d29000,0x0000700001e29000)]
  0x00007f8c188a2000 JavaThread "C2 CompilerThread0" daemon [_thread_blocked, id=17155, stack(0x0000700001c26000,0x0000700001d26000)]
  0x00007f8c18816000 JavaThread "JDWP Command Reader" daemon [_thread_in_native, id=17411, stack(0x0000700001b23000,0x0000700001c23000)]
  0x00007f8c1b809000 JavaThread "JDWP Event Helper Thread" daemon [_thread_blocked, id=16131, stack(0x0000700001a20000,0x0000700001b20000)]
  0x00007f8c1a815000 JavaThread "JDWP Transport Listener: dt_socket" daemon [_thread_blocked, id=15623, stack(0x000070000191d000,0x0000700001a1d000)]
  0x00007f8c1800d000 JavaThread "Signal Dispatcher" daemon [_thread_blocked, id=15363, stack(0x000070000181a000,0x000070000191a000)]
  0x00007f8c19014000 JavaThread "Finalizer" daemon [_thread_blocked, id=12803, stack(0x0000700001611000,0x0000700001711000)]
  0x00007f8c1b00a000 JavaThread "Reference Handler" daemon [_thread_blocked, id=12547, stack(0x000070000150e000,0x000070000160e000)]

Other Threads:
=>0x00007f8c1a052800 VMThread [stack: 0x000070000140b000,0x000070000150b000] [id=19459]
  0x00007f8c1817e800 WatcherThread [stack: 0x0000700002135000,0x0000700002235000] [id=22275]

VM state:at safepoint (normal execution)

VM Mutex/Monitor currently owned by a thread:  ([mutex/lock_event])
[0x00007f8c17f056f0] Threads_lock - owner thread: 0x00007f8c1a052800

heap address: 0x00000006c0000000, size: 4096 MB, Compressed Oops mode: Zero based, Oop shift amount: 3
Narrow klass base: 0x0000000000000000, Narrow klass shift: 3
Compressed class space size: 1073741824 Address: 0x00000007c0000000

Heap:
 PSYoungGen      total 476160K, used 295654K [0x000000076ab00000, 0x0000000789780000, 0x00000007c0000000)
  eden space 455168K, 64% used [0x000000076ab00000,0x000000077cbb9aa0,0x0000000786780000)
  from space 20992K, 0% used [0x0000000788300000,0x0000000788300000,0x0000000789780000)
  to   space 24064K, 0% used [0x0000000786880000,0x0000000786880000,0x0000000788000000)
 ParOldGen       total 325632K, used 46437K [0x00000006c0000000, 0x00000006d3e00000, 0x000000076ab00000)
  object space 325632K, 14% used [0x00000006c0000000,0x00000006c2d59600,0x00000006d3e00000)
 Metaspace       used 94493K, capacity 99662K, committed 99800K, reserved 1136640K
  class space    used 12591K, capacity 13440K, committed 13528K, reserved 1048576K

Card table byte_map: [0x0000000118fb6000,0x00000001197b7000] byte_map_base: 0x00000001159b6000

Marking Bits: (ParMarkBitMap*) 0x00000001098fae40
 Begin Bits: [0x0000000119d0d000, 0x000000011dd0d000)
 End Bits:   [0x000000011dd0d000, 0x0000000121d0d000)

Polling page: 0x0000000107105000

CodeCache: size=245760Kb used=45927Kb max_used=46152Kb free=199833Kb
 bounds [0x0000000109fb6000, 0x000000010cd06000, 0x0000000118fb6000]
 total_blobs=13665 nmethods=12998 adapters=585
 compilation: enabled

Compilation events (10 events):
Event: 106.529 Thread 0x00007f8c1817e000 16748       3       org.apache.catalina.LifecycleEvent::<init> (16 bytes)
Event: 106.530 Thread 0x00007f8c1817e000 nmethod 16748 0x000000010b530bd0 code [0x000000010b530d60, 0x000000010b5310e8]
Event: 107.366 Thread 0x00007f8c1817e000 16749       3       java.util.concurrent.locks.LockSupport::unpark (12 bytes)
Event: 107.366 Thread 0x00007f8c1817e000 nmethod 16749 0x000000010a6f4910 code [0x000000010a6f4a80, 0x000000010a6f4ca8]
Event: 111.366 Thread 0x00007f8c1817e000 16751       3       java.util.concurrent.locks.AbstractQueuedSynchronizer$ConditionObject::signal (33 bytes)
Event: 111.366 Thread 0x00007f8c1817e000 nmethod 16751 0x000000010a127b10 code [0x000000010a127cc0, 0x000000010a128048]
Event: 114.366 Thread 0x00007f8c1817e000 16752       3       java.util.concurrent.locks.AbstractQueuedSynchronizer::unparkSuccessor (84 bytes)
Event: 114.367 Thread 0x00007f8c1817e000 nmethod 16752 0x000000010b6b1fd0 code [0x000000010b6b2180, 0x000000010b6b2728]
Event: 127.703 Thread 0x00007f8c1817e000 16753       1       java.nio.channels.SelectionKey::attachment (5 bytes)
Event: 127.704 Thread 0x00007f8c1817e000 nmethod 16753 0x000000010a251350 code [0x000000010a2514a0, 0x000000010a2515b0]

GC Heap History (10 events):
Event: 25.787 GC heap before
{Heap before GC invocations=20 (full 3):
 PSYoungGen      total 400384K, used 397469K [0x000000076ab00000, 0x0000000784880000, 0x00000007c0000000)
  eden space 386560K, 100% used [0x000000076ab00000,0x0000000782480000,0x0000000782480000)
  from space 13824K, 78% used [0x0000000783b00000,0x00000007845a7690,0x0000000784880000)
  to   space 18432K, 0% used [0x0000000782480000,0x0000000782480000,0x0000000783680000)
 ParOldGen       total 216576K, used 38297K [0x00000006c0000000, 0x00000006cd380000, 0x000000076ab00000)
  object space 216576K, 17% used [0x00000006c0000000,0x00000006c25666d8,0x00000006cd380000)
 Metaspace       used 89011K, capacity 93798K, committed 93912K, reserved 1130496K
  class space    used 11899K, capacity 12676K, committed 12760K, reserved 1048576K
Event: 25.800 GC heap after
Heap after GC invocations=20 (full 3):
 PSYoungGen      total 404992K, used 16240K [0x000000076ab00000, 0x0000000787100000, 0x00000007c0000000)
  eden space 386560K, 0% used [0x000000076ab00000,0x000000076ab00000,0x0000000782480000)
  from space 18432K, 88% used [0x0000000782480000,0x000000078345c178,0x0000000783680000)
  to   space 19968K, 0% used [0x0000000785d80000,0x0000000785d80000,0x0000000787100000)
 ParOldGen       total 216576K, used 38313K [0x00000006c0000000, 0x00000006cd380000, 0x000000076ab00000)
  object space 216576K, 17% used [0x00000006c0000000,0x00000006c256a6f0,0x00000006cd380000)
 Metaspace       used 89011K, capacity 93798K, committed 93912K, reserved 1130496K
  class space    used 11899K, capacity 12676K, committed 12760K, reserved 1048576K
}
Event: 28.330 GC heap before
{Heap before GC invocations=21 (full 3):
 PSYoungGen      total 404992K, used 402800K [0x000000076ab00000, 0x0000000787100000, 0x00000007c0000000)
  eden space 386560K, 100% used [0x000000076ab00000,0x0000000782480000,0x0000000782480000)
  from space 18432K, 88% used [0x0000000782480000,0x000000078345c178,0x0000000783680000)
  to   space 19968K, 0% used [0x0000000785d80000,0x0000000785d80000,0x0000000787100000)
 ParOldGen       total 216576K, used 38313K [0x00000006c0000000, 0x00000006cd380000, 0x000000076ab00000)
  object space 216576K, 17% used [0x00000006c0000000,0x00000006c256a6f0,0x00000006cd380000)
 Metaspace       used 89336K, capacity 94200K, committed 94424K, reserved 1130496K
  class space    used 11936K, capacity 12707K, committed 12760K, reserved 1048576K
Event: 28.341 GC heap after
Heap after GC invocations=21 (full 3):
 PSYoungGen      total 441856K, used 13949K [0x000000076ab00000, 0x0000000787000000, 0x00000007c0000000)
  eden space 422912K, 0% used [0x000000076ab00000,0x000000076ab00000,0x0000000784800000)
  from space 18944K, 73% used [0x0000000785d80000,0x0000000786b1f4d8,0x0000000787000000)
  to   space 20480K, 0% used [0x0000000784800000,0x0000000784800000,0x0000000785c00000)
 ParOldGen       total 216576K, used 38321K [0x00000006c0000000, 0x00000006cd380000, 0x000000076ab00000)
  object space 216576K, 17% used [0x00000006c0000000,0x00000006c256c6f0,0x00000006cd380000)
 Metaspace       used 89336K, capacity 94200K, committed 94424K, reserved 1130496K
  class space    used 11936K, capacity 12707K, committed 12760K, reserved 1048576K
}
Event: 30.965 GC heap before
{Heap before GC invocations=22 (full 3):
 PSYoungGen      total 441856K, used 436861K [0x000000076ab00000, 0x0000000787000000, 0x00000007c0000000)
  eden space 422912K, 100% used [0x000000076ab00000,0x0000000784800000,0x0000000784800000)
  from space 18944K, 73% used [0x0000000785d80000,0x0000000786b1f4d8,0x0000000787000000)
  to   space 20480K, 0% used [0x0000000784800000,0x0000000784800000,0x0000000785c00000)
 ParOldGen       total 216576K, used 38321K [0x00000006c0000000, 0x00000006cd380000, 0x000000076ab00000)
  object space 216576K, 17% used [0x00000006c0000000,0x00000006c256c6f0,0x00000006cd380000)
 Metaspace       used 89604K, capacity 94638K, committed 94808K, reserved 1130496K
  class space    used 11982K, capacity 12818K, committed 12888K, reserved 1048576K
Event: 30.978 GC heap after
Heap after GC invocations=22 (full 3):
 PSYoungGen      total 443392K, used 16381K [0x000000076ab00000, 0x0000000789800000, 0x00000007c0000000)
  eden space 422912K, 0% used [0x000000076ab00000,0x000000076ab00000,0x0000000784800000)
  from space 20480K, 79% used [0x0000000784800000,0x00000007857ff4f8,0x0000000785c00000)
  to   space 21504K, 0% used [0x0000000788300000,0x0000000788300000,0x0000000789800000)
 ParOldGen       total 216576K, used 38329K [0x00000006c0000000, 0x00000006cd380000, 0x000000076ab00000)
  object space 216576K, 17% used [0x00000006c0000000,0x00000006c256e6f0,0x00000006cd380000)
 Metaspace       used 89604K, capacity 94638K, committed 94808K, reserved 1130496K
  class space    used 11982K, capacity 12818K, committed 12888K, reserved 1048576K
}
Event: 80.770 GC heap before
{Heap before GC invocations=23 (full 3):
 PSYoungGen      total 443392K, used 246815K [0x000000076ab00000, 0x0000000789800000, 0x00000007c0000000)
  eden space 422912K, 54% used [0x000000076ab00000,0x0000000778c08758,0x0000000784800000)
  from space 20480K, 79% used [0x0000000784800000,0x00000007857ff4f8,0x0000000785c00000)
  to   space 21504K, 0% used [0x0000000788300000,0x0000000788300000,0x0000000789800000)
 ParOldGen       total 216576K, used 38329K [0x00000006c0000000, 0x00000006cd380000, 0x000000076ab00000)
  object space 216576K, 17% used [0x00000006c0000000,0x00000006c256e6f0,0x00000006cd380000)
 Metaspace       used 93169K, capacity 98300K, committed 98496K, reserved 1134592K
  class space    used 12444K, capacity 13271K, committed 13272K, reserved 1048576K
Event: 80.819 GC heap after
Heap after GC invocations=23 (full 3):
 PSYoungGen      total 476160K, used 20965K [0x000000076ab00000, 0x0000000789780000, 0x00000007c0000000)
  eden space 455168K, 0% used [0x000000076ab00000,0x000000076ab00000,0x0000000786780000)
  from space 20992K, 99% used [0x0000000788300000,0x00000007897797a8,0x0000000789780000)
  to   space 24064K, 0% used [0x0000000786880000,0x0000000786880000,0x0000000788000000)
 ParOldGen       total 216576K, used 38337K [0x00000006c0000000, 0x00000006cd380000, 0x000000076ab00000)
  object space 216576K, 17% used [0x00000006c0000000,0x00000006c25706f0,0x00000006cd380000)
 Metaspace       used 93169K, capacity 98300K, committed 98496K, reserved 1134592K
  class space    used 12444K, capacity 13271K, committed 13272K, reserved 1048576K
}
Event: 80.819 GC heap before
{Heap before GC invocations=24 (full 4):
 PSYoungGen      total 476160K, used 20965K [0x000000076ab00000, 0x0000000789780000, 0x00000007c0000000)
  eden space 455168K, 0% used [0x000000076ab00000,0x000000076ab00000,0x0000000786780000)
  from space 20992K, 99% used [0x0000000788300000,0x00000007897797a8,0x0000000789780000)
  to   space 24064K, 0% used [0x0000000786880000,0x0000000786880000,0x0000000788000000)
 ParOldGen       total 216576K, used 38337K [0x00000006c0000000, 0x00000006cd380000, 0x000000076ab00000)
  object space 216576K, 17% used [0x00000006c0000000,0x00000006c25706f0,0x00000006cd380000)
 Metaspace       used 93169K, capacity 98300K, committed 98496K, reserved 1134592K
  class space    used 12444K, capacity 13271K, committed 13272K, reserved 1048576K
Event: 81.131 GC heap after
Heap after GC invocations=24 (full 4):
 PSYoungGen      total 476160K, used 0K [0x000000076ab00000, 0x0000000789780000, 0x00000007c0000000)
  eden space 455168K, 0% used [0x000000076ab00000,0x000000076ab00000,0x0000000786780000)
  from space 20992K, 0% used [0x0000000788300000,0x0000000788300000,0x0000000789780000)
  to   space 24064K, 0% used [0x0000000786880000,0x0000000786880000,0x0000000788000000)
 ParOldGen       total 325632K, used 46437K [0x00000006c0000000, 0x00000006d3e00000, 0x000000076ab00000)
  object space 325632K, 14% used [0x00000006c0000000,0x00000006c2d59600,0x00000006d3e00000)
 Metaspace       used 93160K, capacity 98270K, committed 98496K, reserved 1134592K
  class space    used 12441K, capacity 13266K, committed 13272K, reserved 1048576K
}

Deoptimization events (10 events):
Event: 97.703 Thread 0x00007f8c1f050800 Uncommon trap: reason=unhandled action=none pc=0x000000010a61e69c method=java.net.URLClassLoader.findClass(Ljava/lang/String;)Ljava/lang/Class; @ 44
Event: 97.704 Thread 0x00007f8c1f050800 Uncommon trap: reason=unhandled action=none pc=0x000000010a61e69c method=java.net.URLClassLoader.findClass(Ljava/lang/String;)Ljava/lang/Class; @ 44
Event: 97.705 Thread 0x00007f8c1f050800 Uncommon trap: reason=unhandled action=none pc=0x000000010a61e69c method=java.net.URLClassLoader.findClass(Ljava/lang/String;)Ljava/lang/Class; @ 44
Event: 97.706 Thread 0x00007f8c1f050800 Uncommon trap: reason=unhandled action=none pc=0x000000010a61e69c method=java.net.URLClassLoader.findClass(Ljava/lang/String;)Ljava/lang/Class; @ 44
Event: 97.707 Thread 0x00007f8c1f050800 Uncommon trap: reason=unhandled action=none pc=0x000000010a61e69c method=java.net.URLClassLoader.findClass(Ljava/lang/String;)Ljava/lang/Class; @ 44
Event: 97.708 Thread 0x00007f8c1f050800 Uncommon trap: reason=unhandled action=none pc=0x000000010a61e69c method=java.net.URLClassLoader.findClass(Ljava/lang/String;)Ljava/lang/Class; @ 44
Event: 97.714 Thread 0x00007f8c1f050800 Uncommon trap: reason=unhandled action=none pc=0x000000010a61e69c method=java.net.URLClassLoader.findClass(Ljava/lang/String;)Ljava/lang/Class; @ 44
Event: 97.720 Thread 0x00007f8c1f050800 Uncommon trap: reason=unhandled action=none pc=0x000000010a93b8f8 method=java.lang.Class.getMethod(Ljava/lang/String;[Ljava/lang/Class;)Ljava/lang/reflect/Method; @ 61
Event: 97.724 Thread 0x00007f8c1f050800 Uncommon trap: reason=unstable_if action=reinterpret pc=0x000000010aa7da68 method=java.lang.Class.reflectionData()Ljava/lang/Class$ReflectionData; @ 37
Event: 97.729 Thread 0x00007f8c1f050800 Uncommon trap: reason=unhandled action=none pc=0x000000010a93b8f8 method=java.lang.Class.getMethod(Ljava/lang/String;[Ljava/lang/Class;)Ljava/lang/reflect/Method; @ 61

Classes redefined (3 events):
Event: 61.980 Thread 0x00007f8c1a052800 redefined class name=com.tracelink.appsec.module.eslint.controller.EsLintRuleDesignerController, count=1
Event: 122.287 Thread 0x00007f8c1a052800 redefined class name=com.tracelink.appsec.module.eslint.controller.EsLintRuleDesignerController, count=2
Event: 128.365 Thread 0x00007f8c1a052800 redefined class name=com.tracelink.appsec.module.eslint.controller.EsLintRuleDesignerController, count=3

Internal exceptions (10 events):
Event: 97.685 Thread 0x00007f8c1f050800 Exception <a 'java/lang/ClassNotFoundException': com/tracelink/appsec/watchtower/core/rule/RuleDtoCustomizer> (0x000000077c395380) thrown at [/Users/java_re/workspace/8-2-build-macosx-x86_64/jdk8u192/11897/hotspot/src/share/vm/classfile/systemDictionary.c
Event: 97.685 Thread 0x00007f8c1f050800 Exception <a 'java/lang/ArrayIndexOutOfBoundsException': 38> (0x000000077c39da20) thrown at [/Users/java_re/workspace/8-2-build-macosx-x86_64/jdk8u192/11897/hotspot/src/share/vm/interpreter/interpreterRuntime.cpp, line 368]
Event: 97.685 Thread 0x00007f8c1f050800 Exception <a 'java/lang/ArrayIndexOutOfBoundsException': 37> (0x000000077c39f410) thrown at [/Users/java_re/workspace/8-2-build-macosx-x86_64/jdk8u192/11897/hotspot/src/share/vm/interpreter/interpreterRuntime.cpp, line 368]
Event: 97.689 Thread 0x00007f8c1f050800 Exception <a 'java/lang/ClassNotFoundException': com/tracelink/appsec/watchtower/core/rule/CustomRuleDtoCustomizer> (0x000000077c3e1f08) thrown at [/Users/java_re/workspace/8-2-build-macosx-x86_64/jdk8u192/11897/hotspot/src/share/vm/classfile/systemDictio
Event: 97.694 Thread 0x00007f8c1f050800 Exception <a 'java/lang/ClassNotFoundException': com/tracelink/appsec/module/eslint/model/EsLintCustomRuleDtoCustomizer> (0x000000077c42f578) thrown at [/Users/java_re/workspace/8-2-build-macosx-x86_64/jdk8u192/11897/hotspot/src/share/vm/classfile/systemD
Event: 97.694 Thread 0x00007f8c1f050800 Exception <a 'java/lang/ArrayIndexOutOfBoundsException': 79> (0x000000077c433998) thrown at [/Users/java_re/workspace/8-2-build-macosx-x86_64/jdk8u192/11897/hotspot/src/share/vm/interpreter/interpreterRuntime.cpp, line 368]
Event: 97.694 Thread 0x00007f8c1f050800 Exception <a 'java/lang/ArrayIndexOutOfBoundsException': 80> (0x000000077c4369b0) thrown at [/Users/java_re/workspace/8-2-build-macosx-x86_64/jdk8u192/11897/hotspot/src/share/vm/interpreter/interpreterRuntime.cpp, line 368]
Event: 97.699 Thread 0x00007f8c1f050800 Exception <a 'java/lang/ClassNotFoundException': com/tracelink/appsec/module/eslint/model/EsLintRuleDtoCustomizer> (0x000000077c481960) thrown at [/Users/java_re/workspace/8-2-build-macosx-x86_64/jdk8u192/11897/hotspot/src/share/vm/classfile/systemDiction
Event: 97.704 Thread 0x00007f8c1f050800 Exception <a 'java/lang/ClassNotFoundException': java/lang/ObjectCustomizer> (0x000000077c4a34d0) thrown at [/Users/java_re/workspace/8-2-build-macosx-x86_64/jdk8u192/11897/hotspot/src/share/vm/classfile/systemDictionary.cpp, line 210]
Event: 97.710 Thread 0x00007f8c1f050800 Exception <a 'java/lang/ClassNotFoundException': com/tracelink/appsec/module/eslint/model/EsLintMessageDtoCustomizer> (0x000000077c4dfbd0) thrown at [/Users/java_re/workspace/8-2-build-macosx-x86_64/jdk8u192/11897/hotspot/src/share/vm/classfile/systemDict

Events (10 events):
Event: 128.448 Executing VM operation: GetCurrentContendedMonitor done
Event: 128.448 Executing VM operation: GetOwnedMonitorInfo
Event: 128.449 Executing VM operation: GetOwnedMonitorInfo done
Event: 128.449 Executing VM operation: GetCurrentContendedMonitor
Event: 128.449 Executing VM operation: GetCurrentContendedMonitor done
Event: 128.450 Executing VM operation: GetCurrentContendedMonitor
Event: 128.451 Executing VM operation: GetCurrentContendedMonitor done
Event: 128.451 Executing VM operation: GetOwnedMonitorInfo
Event: 128.451 Executing VM operation: GetOwnedMonitorInfo done
Event: 128.622 Executing VM operation: GetOrSetLocal


Dynamic libraries:
0x00007fff3263e000 	/System/Library/Frameworks/Cocoa.framework/Versions/A/Cocoa
0x00007fff3fe54000 	/System/Library/Frameworks/Security.framework/Versions/A/Security
0x00007fff315a4000 	/System/Library/Frameworks/ApplicationServices.framework/Versions/A/ApplicationServices
0x00007fff6cb42000 	/usr/lib/libz.1.dylib
0x00007fff6a606000 	/usr/lib/libSystem.B.dylib
0x00007fff6c466000 	/usr/lib/libobjc.A.dylib
0x00007fff334e0000 	/System/Library/Frameworks/CoreFoundation.framework/Versions/A/CoreFoundation
0x00007fff35b9e000 	/System/Library/Frameworks/Foundation.framework/Versions/C/Foundation
0x00007fff30794000 	/System/Library/Frameworks/AppKit.framework/Versions/C/AppKit
0x00007fff32fc2000 	/System/Library/Frameworks/CoreData.framework/Versions/A/CoreData
0x00007fff645f5000 	/System/Library/PrivateFrameworks/UIFoundation.framework/Versions/A/UIFoundation
0x00007fff5f689000 	/System/Library/PrivateFrameworks/RemoteViewServices.framework/Versions/A/RemoteViewServices
0x00007fff67176000 	/System/Library/PrivateFrameworks/XCTTargetBootstrap.framework/Versions/A/XCTTargetBootstrap
0x00007fff333ad000 	/System/Library/Frameworks/CoreDisplay.framework/Versions/A/CoreDisplay
0x00007fff38a59000 	/System/Library/Frameworks/Metal.framework/Versions/A/Metal
0x00007fff4d670000 	/System/Library/PrivateFrameworks/DesktopServicesPriv.framework/Versions/A/DesktopServicesPriv
0x00007fff6b741000 	/usr/lib/liblangid.dylib
0x00007fff4c905000 	/System/Library/PrivateFrameworks/CoreSVG.framework/Versions/A/CoreSVG
0x00007fff627e5000 	/System/Library/PrivateFrameworks/SkyLight.framework/Versions/A/SkyLight
0x00007fff33962000 	/System/Library/Frameworks/CoreGraphics.framework/Versions/A/CoreGraphics
0x00007fff2f168000 	/System/Library/Frameworks/Accelerate.framework/Versions/A/Accelerate
0x00007fff6ca33000 	/usr/lib/libxml2.2.dylib
0x00007fff58612000 	/System/Library/PrivateFrameworks/IconServices.framework/Versions/A/IconServices
0x00007fff3637d000 	/System/Library/Frameworks/IOSurface.framework/Versions/A/IOSurface
0x00007fff6a130000 	/usr/lib/libDiagnosticMessagesClient.dylib
0x00007fff4d4ca000 	/System/Library/PrivateFrameworks/DFRFoundation.framework/Versions/A/DFRFoundation
0x00007fff6b4d0000 	/usr/lib/libicucore.A.dylib
0x00007fff318d6000 	/System/Library/Frameworks/AudioToolbox.framework/Versions/A/AudioToolbox
0x00007fff319b9000 	/System/Library/Frameworks/AudioUnit.framework/Versions/A/AudioUnit
0x00007fff6a808000 	/usr/lib/libauto.dylib
0x00007fff4d56c000 	/System/Library/PrivateFrameworks/DataDetectorsCore.framework/Versions/A/DataDetectorsCore
0x00007fff3215f000 	/System/Library/Frameworks/Carbon.framework/Versions/A/Frameworks/HIToolbox.framework/Versions/A/HIToolbox
0x00007fff3f04e000 	/System/Library/Frameworks/QuartzCore.framework/Versions/A/QuartzCore
0x00007fff3249e000 	/System/Library/Frameworks/Carbon.framework/Versions/A/Frameworks/SpeechRecognition.framework/Versions/A/SpeechRecognition
0x00007fff4cfde000 	/System/Library/PrivateFrameworks/CoreUI.framework/Versions/A/CoreUI
0x00007fff32a2d000 	/System/Library/Frameworks/CoreAudio.framework/Versions/A/CoreAudio
0x00007fff3585d000 	/System/Library/Frameworks/DiskArbitration.framework/Versions/A/DiskArbitration
0x00007fff5a662000 	/System/Library/PrivateFrameworks/MultitouchSupport.framework/Versions/A/MultitouchSupport
0x00007fff6b397000 	/usr/lib/libenergytrace.dylib
0x00007fff362d7000 	/System/Library/Frameworks/IOKit.framework/Versions/A/IOKit
0x00007fff348c9000 	/System/Library/Frameworks/CoreServices.framework/Versions/A/CoreServices
0x00007fff5c81c000 	/System/Library/PrivateFrameworks/PerformanceAnalysis.framework/Versions/A/PerformanceAnalysis
0x00007fff3e081000 	/System/Library/Frameworks/OpenGL.framework/Versions/A/OpenGL
0x00007fff3264c000 	/System/Library/Frameworks/ColorSync.framework/Versions/A/ColorSync
0x00007fff33fe5000 	/System/Library/Frameworks/CoreImage.framework/Versions/A/CoreImage
0x00007fff3533c000 	/System/Library/Frameworks/CoreText.framework/Versions/A/CoreText
0x00007fff3640d000 	/System/Library/Frameworks/ImageIO.framework/Versions/A/ImageIO
0x00007fff6a8ec000 	/usr/lib/libc++.1.dylib
0x00007fff6a968000 	/usr/lib/libcompression.dylib
0x00007fff6a474000 	/usr/lib/libMobileGestalt.dylib
0x00007fff6435f000 	/System/Library/PrivateFrameworks/TextureIO.framework/Versions/A/TextureIO
0x00007fff6a76b000 	/usr/lib/libate.dylib
0x00007fff5881b000 	/System/Library/PrivateFrameworks/InternationalSupport.framework/Versions/A/InternationalSupport
0x00007fff6d403000 	/usr/lib/system/libcache.dylib
0x00007fff6d409000 	/usr/lib/system/libcommonCrypto.dylib
0x00007fff6d415000 	/usr/lib/system/libcompiler_rt.dylib
0x00007fff6d41d000 	/usr/lib/system/libcopyfile.dylib
0x00007fff6d427000 	/usr/lib/system/libcorecrypto.dylib
0x00007fff6d5c6000 	/usr/lib/system/libdispatch.dylib
0x00007fff6d607000 	/usr/lib/system/libdyld.dylib
0x00007fff6d63e000 	/usr/lib/system/libkeymgr.dylib
0x00007fff6d64c000 	/usr/lib/system/liblaunch.dylib
0x00007fff6d64d000 	/usr/lib/system/libmacho.dylib
0x00007fff6d653000 	/usr/lib/system/libquarantine.dylib
0x00007fff6d656000 	/usr/lib/system/libremovefile.dylib
0x00007fff6d658000 	/usr/lib/system/libsystem_asl.dylib
0x00007fff6d670000 	/usr/lib/system/libsystem_blocks.dylib
0x00007fff6d671000 	/usr/lib/system/libsystem_c.dylib
0x00007fff6d6f9000 	/usr/lib/system/libsystem_configuration.dylib
0x00007fff6d6fd000 	/usr/lib/system/libsystem_coreservices.dylib
0x00007fff6d701000 	/usr/lib/system/libsystem_darwin.dylib
0x00007fff6d70a000 	/usr/lib/system/libsystem_dnssd.dylib
0x00007fff6d712000 	/usr/lib/system/libsystem_featureflags.dylib
0x00007fff6d714000 	/usr/lib/system/libsystem_info.dylib
0x00007fff6d78f000 	/usr/lib/system/libsystem_m.dylib
0x00007fff6d7d7000 	/usr/lib/system/libsystem_malloc.dylib
0x00007fff6d7ff000 	/usr/lib/system/libsystem_networkextension.dylib
0x00007fff6d80d000 	/usr/lib/system/libsystem_notify.dylib
0x00007fff6d82b000 	/usr/lib/system/libsystem_sandbox.dylib
0x00007fff6d830000 	/usr/lib/system/libsystem_secinit.dylib
0x00007fff6d762000 	/usr/lib/system/libsystem_kernel.dylib
0x00007fff6d817000 	/usr/lib/system/libsystem_platform.dylib
0x00007fff6d820000 	/usr/lib/system/libsystem_pthread.dylib
0x00007fff6d833000 	/usr/lib/system/libsystem_symptoms.dylib
0x00007fff6d83b000 	/usr/lib/system/libsystem_trace.dylib
0x00007fff6d853000 	/usr/lib/system/libunwind.dylib
0x00007fff6d859000 	/usr/lib/system/libxpc.dylib
0x00007fff6a93f000 	/usr/lib/libc++abi.dylib
0x00007fff6b743000 	/usr/lib/liblzma.5.dylib
0x00007fff6b3be000 	/usr/lib/libfakelink.dylib
0x00007fff6a6f8000 	/usr/lib/libarchive.2.dylib
0x00007fff40f07000 	/System/Library/Frameworks/SystemConfiguration.framework/Versions/A/SystemConfiguration
0x00007fff6a063000 	/usr/lib/libCRFSuite.dylib
0x00007fff31d50000 	/System/Library/Frameworks/CFNetwork.framework/Versions/A/CFNetwork
0x00007fff6a8ce000 	/usr/lib/libbsm.0.dylib
0x00007fff6d63f000 	/usr/lib/system/libkxld.dylib
0x00007fff46e44000 	/System/Library/PrivateFrameworks/AppleFSCompression.framework/Versions/A/AppleFSCompression
0x00007fff6ac59000 	/usr/lib/libcoretls.dylib
0x00007fff6ac70000 	/usr/lib/libcoretls_cfhelpers.dylib
0x00007fff6c4ac000 	/usr/lib/libpam.2.dylib
0x00007fff6c5e1000 	/usr/lib/libsqlite3.dylib
0x00007fff6ca20000 	/usr/lib/libxar.1.dylib
0x00007fff6a8df000 	/usr/lib/libbz2.1.0.dylib
0x00007fff6b3df000 	/usr/lib/libiconv.2.dylib
0x00007fff6a955000 	/usr/lib/libcharset.1.dylib
0x00007fff6bf49000 	/usr/lib/libnetwork.dylib
0x00007fff6c4b3000 	/usr/lib/libpcap.A.dylib
0x00007fff6a6ad000 	/usr/lib/libapple_nghttp2.dylib
0x00007fff34c80000 	/System/Library/Frameworks/CoreServices.framework/Versions/A/Frameworks/FSEvents.framework/Versions/A/FSEvents
0x00007fff34950000 	/System/Library/Frameworks/CoreServices.framework/Versions/A/Frameworks/CarbonCore.framework/Versions/A/CarbonCore
0x00007fff34ec4000 	/System/Library/Frameworks/CoreServices.framework/Versions/A/Frameworks/Metadata.framework/Versions/A/Metadata
0x00007fff34f5d000 	/System/Library/Frameworks/CoreServices.framework/Versions/A/Frameworks/OSServices.framework/Versions/A/OSServices
0x00007fff34f8b000 	/System/Library/Frameworks/CoreServices.framework/Versions/A/Frameworks/SearchKit.framework/Versions/A/SearchKit
0x00007fff348ca000 	/System/Library/Frameworks/CoreServices.framework/Versions/A/Frameworks/AE.framework/Versions/A/AE
0x00007fff34c89000 	/System/Library/Frameworks/CoreServices.framework/Versions/A/Frameworks/LaunchServices.framework/Versions/A/LaunchServices
0x00007fff34c32000 	/System/Library/Frameworks/CoreServices.framework/Versions/A/Frameworks/DictionaryServices.framework/Versions/A/DictionaryServices
0x00007fff34ff3000 	/System/Library/Frameworks/CoreServices.framework/Versions/A/Frameworks/SharedFileList.framework/Versions/A/SharedFileList
0x00007fff39ea0000 	/System/Library/Frameworks/NetFS.framework/Versions/A/NetFS
0x00007fff5ab92000 	/System/Library/PrivateFrameworks/NetAuth.framework/Versions/A/NetAuth
0x00007fff67543000 	/System/Library/PrivateFrameworks/login.framework/Versions/A/Frameworks/loginsupport.framework/Versions/A/loginsupport
0x00007fff63e2a000 	/System/Library/PrivateFrameworks/TCC.framework/Versions/A/TCC
0x00007fff4ba78000 	/System/Library/PrivateFrameworks/CoreNLP.framework/Versions/A/CoreNLP
0x00007fff5a08f000 	/System/Library/PrivateFrameworks/MetadataUtilities.framework/Versions/A/MetadataUtilities
0x00007fff6b81b000 	/usr/lib/libmecabra.dylib
0x00007fff6b773000 	/usr/lib/libmecab.dylib
0x00007fff6b3cf000 	/usr/lib/libgermantok.dylib
0x00007fff6a694000 	/usr/lib/libThaiTokenizer.dylib
0x00007fff6a09a000 	/usr/lib/libChineseTokenizer.dylib
0x00007fff2f180000 	/System/Library/Frameworks/Accelerate.framework/Versions/A/Frameworks/vImage.framework/Versions/A/vImage
0x00007fff305ea000 	/System/Library/Frameworks/Accelerate.framework/Versions/A/Frameworks/vecLib.framework/Versions/A/vecLib
0x00007fff30527000 	/System/Library/Frameworks/Accelerate.framework/Versions/A/Frameworks/vecLib.framework/Versions/A/libvMisc.dylib
0x00007fff3034f000 	/System/Library/Frameworks/Accelerate.framework/Versions/A/Frameworks/vecLib.framework/Versions/A/libvDSP.dylib
0x00007fff2f7d7000 	/System/Library/Frameworks/Accelerate.framework/Versions/A/Frameworks/vecLib.framework/Versions/A/libBLAS.dylib
0x00007fff2ff13000 	/System/Library/Frameworks/Accelerate.framework/Versions/A/Frameworks/vecLib.framework/Versions/A/libLAPACK.dylib
0x00007fff302af000 	/System/Library/Frameworks/Accelerate.framework/Versions/A/Frameworks/vecLib.framework/Versions/A/libLinearAlgebra.dylib
0x00007fff3033c000 	/System/Library/Frameworks/Accelerate.framework/Versions/A/Frameworks/vecLib.framework/Versions/A/libSparseBLAS.dylib
0x00007fff302c5000 	/System/Library/Frameworks/Accelerate.framework/Versions/A/Frameworks/vecLib.framework/Versions/A/libQuadrature.dylib
0x00007fff2fa3f000 	/System/Library/Frameworks/Accelerate.framework/Versions/A/Frameworks/vecLib.framework/Versions/A/libBNNS.dylib
0x00007fff302cb000 	/System/Library/Frameworks/Accelerate.framework/Versions/A/Frameworks/vecLib.framework/Versions/A/libSparse.dylib
0x00007fff58c03000 	/System/Library/PrivateFrameworks/LanguageModeling.framework/Versions/A/LanguageModeling
0x00007fff4b427000 	/System/Library/PrivateFrameworks/CoreEmoji.framework/Versions/A/CoreEmoji
0x00007fff58d21000 	/System/Library/PrivateFrameworks/LinguisticData.framework/Versions/A/LinguisticData
0x00007fff58cd2000 	/System/Library/PrivateFrameworks/Lexicon.framework/Versions/A/Lexicon
0x00007fff6a956000 	/usr/lib/libcmph.dylib
0x00007fff3ca8f000 	/System/Library/Frameworks/OpenDirectory.framework/Versions/A/Frameworks/CFOpenDirectory.framework/Versions/A/CFOpenDirectory
0x00007fff3caac000 	/System/Library/Frameworks/OpenDirectory.framework/Versions/A/OpenDirectory
0x00007fff44ef1000 	/System/Library/PrivateFrameworks/APFS.framework/Versions/A/APFS
0x00007fff401a0000 	/System/Library/Frameworks/SecurityFoundation.framework/Versions/A/SecurityFoundation
0x00007fff6ca1c000 	/usr/lib/libutil.dylib
0x00007fff4c95d000 	/System/Library/PrivateFrameworks/CoreServicesStore.framework/Versions/A/CoreServicesStore
0x00007fff40257000 	/System/Library/Frameworks/ServiceManagement.framework/Versions/A/ServiceManagement
0x00007fff48615000 	/System/Library/PrivateFrameworks/BackgroundTaskManagement.framework/Versions/A/BackgroundTaskManagement
0x00007fff6cb19000 	/usr/lib/libxslt.1.dylib
0x00007fff474b7000 	/System/Library/PrivateFrameworks/AppleSystemInfo.framework/Versions/A/AppleSystemInfo
0x00007fff3662a000 	/System/Library/Frameworks/ImageIO.framework/Versions/A/Resources/libJPEG.dylib
0x00007fff368e7000 	/System/Library/Frameworks/ImageIO.framework/Versions/A/Resources/libTIFF.dylib
0x00007fff368ca000 	/System/Library/Frameworks/ImageIO.framework/Versions/A/Resources/libPng.dylib
0x00007fff3656c000 	/System/Library/Frameworks/ImageIO.framework/Versions/A/Resources/libGIF.dylib
0x00007fff36570000 	/System/Library/Frameworks/ImageIO.framework/Versions/A/Resources/libJP2.dylib
0x00007fff368e5000 	/System/Library/Frameworks/ImageIO.framework/Versions/A/Resources/libRadiance.dylib
0x00007fff6b398000 	/usr/lib/libexpat.1.dylib
0x00007fff46f9f000 	/System/Library/PrivateFrameworks/AppleJPEG.framework/Versions/A/AppleJPEG
0x00007fff4fc73000 	/System/Library/PrivateFrameworks/FontServices.framework/libFontParser.dylib
0x00007fff66545000 	/System/Library/PrivateFrameworks/WatchdogClient.framework/Versions/A/WatchdogClient
0x00007fff5825e000 	/System/Library/PrivateFrameworks/IOAccelerator.framework/Versions/A/IOAccelerator
0x00007fff38df4000 	/System/Library/Frameworks/MetalPerformanceShaders.framework/Versions/A/MetalPerformanceShaders
0x00007fff549ee000 	/System/Library/PrivateFrameworks/GPUWrangler.framework/Versions/A/GPUWrangler
0x00007fff58273000 	/System/Library/PrivateFrameworks/IOPresentment.framework/Versions/A/IOPresentment
0x00007fff4d4dd000 	/System/Library/PrivateFrameworks/DSExternalDisplay.framework/Versions/A/DSExternalDisplay
0x00007fff3d420000 	/System/Library/Frameworks/OpenGL.framework/Versions/A/Libraries/libCoreFSCache.dylib
0x00007fff38b40000 	/System/Library/Frameworks/MetalPerformanceShaders.framework/Frameworks/MPSCore.framework/Versions/A/MPSCore
0x00007fff38b7e000 	/System/Library/Frameworks/MetalPerformanceShaders.framework/Frameworks/MPSImage.framework/Versions/A/MPSImage
0x00007fff38c45000 	/System/Library/Frameworks/MetalPerformanceShaders.framework/Frameworks/MPSNeuralNetwork.framework/Versions/A/MPSNeuralNetwork
0x00007fff38c09000 	/System/Library/Frameworks/MetalPerformanceShaders.framework/Frameworks/MPSMatrix.framework/Versions/A/MPSMatrix
0x00007fff38da4000 	/System/Library/Frameworks/MetalPerformanceShaders.framework/Frameworks/MPSRayIntersector.framework/Versions/A/MPSRayIntersector
0x00007fff38c2f000 	/System/Library/Frameworks/MetalPerformanceShaders.framework/Frameworks/MPSNDArray.framework/Versions/A/MPSNDArray
0x00007fff5a0dc000 	/System/Library/PrivateFrameworks/MetalTools.framework/Versions/A/MetalTools
0x00007fff460cb000 	/System/Library/PrivateFrameworks/AggregateDictionary.framework/Versions/A/AggregateDictionary
0x00007fff4ae6f000 	/System/Library/PrivateFrameworks/CoreAnalytics.framework/Versions/A/CoreAnalytics
0x00007fff473d6000 	/System/Library/PrivateFrameworks/AppleSauce.framework/Versions/A/AppleSauce
0x00007fff6a356000 	/usr/lib/libIOReport.dylib
0x00007fff354f4000 	/System/Library/Frameworks/CoreVideo.framework/Versions/A/CoreVideo
0x00007fff55e67000 	/System/Library/PrivateFrameworks/GraphVisualizer.framework/Versions/A/GraphVisualizer
0x00007fff4f1b9000 	/System/Library/PrivateFrameworks/FaceCore.framework/Versions/A/FaceCore
0x00007fff3ca36000 	/System/Library/Frameworks/OpenCL.framework/Versions/A/OpenCL
0x00007fff6a178000 	/usr/lib/libFosl_dynamic.dylib
0x00007fff5b5b3000 	/System/Library/PrivateFrameworks/OTSVG.framework/Versions/A/OTSVG
0x00007fff316a9000 	/System/Library/Frameworks/ApplicationServices.framework/Versions/A/Frameworks/ATS.framework/Versions/A/Resources/libFontRegistry.dylib
0x00007fff4fe42000 	/System/Library/PrivateFrameworks/FontServices.framework/libhvf.dylib
0x00007fff3d42b000 	/System/Library/Frameworks/OpenGL.framework/Versions/A/Libraries/libGFXShared.dylib
0x00007fff3d609000 	/System/Library/Frameworks/OpenGL.framework/Versions/A/Libraries/libGLU.dylib
0x00007fff3d434000 	/System/Library/Frameworks/OpenGL.framework/Versions/A/Libraries/libGL.dylib
0x00007fff3d43f000 	/System/Library/Frameworks/OpenGL.framework/Versions/A/Libraries/libGLImage.dylib
0x00007fff3d41d000 	/System/Library/Frameworks/OpenGL.framework/Versions/A/Libraries/libCVMSPluginSupport.dylib
0x00007fff3d426000 	/System/Library/Frameworks/OpenGL.framework/Versions/A/Libraries/libCoreVMClient.dylib
0x00007fff6bdea000 	/usr/lib/libncurses.5.4.dylib
0x00007fff315a5000 	/System/Library/Frameworks/ApplicationServices.framework/Versions/A/Frameworks/ATS.framework/Versions/A/ATS
0x00007fff31772000 	/System/Library/Frameworks/ApplicationServices.framework/Versions/A/Frameworks/ColorSyncLegacy.framework/Versions/A/ColorSyncLegacy
0x00007fff31810000 	/System/Library/Frameworks/ApplicationServices.framework/Versions/A/Frameworks/HIServices.framework/Versions/A/HIServices
0x00007fff31868000 	/System/Library/Frameworks/ApplicationServices.framework/Versions/A/Frameworks/LangAnalysis.framework/Versions/A/LangAnalysis
0x00007fff31877000 	/System/Library/Frameworks/ApplicationServices.framework/Versions/A/Frameworks/PrintCore.framework/Versions/A/PrintCore
0x00007fff318bd000 	/System/Library/Frameworks/ApplicationServices.framework/Versions/A/Frameworks/QD.framework/Versions/A/QD
0x00007fff318c8000 	/System/Library/Frameworks/ApplicationServices.framework/Versions/A/Frameworks/SpeechSynthesis.framework/Versions/A/SpeechSynthesis
0x00007fff31742000 	/System/Library/Frameworks/ApplicationServices.framework/Versions/A/Frameworks/ATSUI.framework/Versions/A/ATSUI
0x00007fff6b22e000 	/usr/lib/libcups.2.dylib
0x00007fff37e8f000 	/System/Library/Frameworks/Kerberos.framework/Versions/A/Kerberos
0x00007fff35fd0000 	/System/Library/Frameworks/GSS.framework/Versions/A/GSS
0x00007fff6c56d000 	/usr/lib/libresolv.9.dylib
0x00007fff56014000 	/System/Library/PrivateFrameworks/Heimdal.framework/Versions/A/Heimdal
0x00007fff37ea2000 	/System/Library/Frameworks/Kerberos.framework/Versions/A/Libraries/libHeimdalProxy.dylib
0x00007fff6b3d5000 	/usr/lib/libheimdal-asn1.dylib
0x00007fff4a307000 	/System/Library/PrivateFrameworks/CommonAuth.framework/Versions/A/CommonAuth
0x00007fff47554000 	/System/Library/PrivateFrameworks/AssertionServices.framework/Versions/A/AssertionServices
0x00007fff480f7000 	/System/Library/PrivateFrameworks/AudioToolboxCore.framework/Versions/A/AudioToolboxCore
0x00007fff671f3000 	/System/Library/PrivateFrameworks/caulk.framework/Versions/A/caulk
0x00007fff486c1000 	/System/Library/PrivateFrameworks/BaseBoard.framework/Versions/A/BaseBoard
0x00007fff5f817000 	/System/Library/PrivateFrameworks/RunningBoardServices.framework/Versions/A/RunningBoardServices
0x00007fff5c828000 	/System/Library/PrivateFrameworks/PersistentConnection.framework/Versions/A/PersistentConnection
0x00007fff5f210000 	/System/Library/PrivateFrameworks/ProtocolBuffer.framework/Versions/A/ProtocolBuffer
0x00007fff4a32b000 	/System/Library/PrivateFrameworks/CommonUtilities.framework/Versions/A/CommonUtilities
0x00007fff4884f000 	/System/Library/PrivateFrameworks/Bom.framework/Versions/A/Bom
0x00007fff6a029000 	/usr/lib/libAudioToolboxUtility.dylib
0x00007fff4861f000 	/System/Library/PrivateFrameworks/Backup.framework/Versions/A/Backup
0x00007fff4d3fe000 	/System/Library/PrivateFrameworks/CrashReporterSupport.framework/Versions/A/CrashReporterSupport
0x00007fff612a9000 	/System/Library/PrivateFrameworks/Sharing.framework/Versions/A/Sharing
0x00007fff46b62000 	/System/Library/PrivateFrameworks/Apple80211.framework/Versions/A/Apple80211
0x00007fff4833c000 	/System/Library/PrivateFrameworks/AuthKit.framework/Versions/A/AuthKit
0x00007fff4d10b000 	/System/Library/PrivateFrameworks/CoreUtils.framework/Versions/A/CoreUtils
0x00007fff35539000 	/System/Library/Frameworks/CoreWLAN.framework/Versions/A/CoreWLAN
0x00007fff3615d000 	/System/Library/Frameworks/IOBluetooth.framework/Versions/A/IOBluetooth
0x00007fff5a3e1000 	/System/Library/PrivateFrameworks/MobileKeyBag.framework/Versions/A/MobileKeyBag
0x00007fff4bf10000 	/System/Library/PrivateFrameworks/CorePhoneNumbers.framework/Versions/A/CorePhoneNumbers
0x00007fff46f52000 	/System/Library/PrivateFrameworks/AppleIDAuthSupport.framework/Versions/A/AppleIDAuthSupport
0x00007fff39ead000 	/System/Library/Frameworks/Network.framework/Versions/A/Network
0x00007fff58aaf000 	/System/Library/PrivateFrameworks/KeychainCircle.framework/Versions/A/KeychainCircle
0x00007fff32f89000 	/System/Library/Frameworks/CoreBluetooth.framework/Versions/A/CoreBluetooth
0x00007fff63328000 	/System/Library/PrivateFrameworks/SpeechRecognitionCore.framework/Versions/A/SpeechRecognitionCore
0x0000000109000000 	/Library/Java/JavaVirtualMachines/jdk1.8.0_192.jdk/Contents/Home/jre/lib/server/libjvm.dylib
0x00007fff6c8ef000 	/usr/lib/libstdc++.6.dylib
0x00000001070c1000 	/Library/Java/JavaVirtualMachines/jdk1.8.0_192.jdk/Contents/Home/jre/lib/libverify.dylib
0x00000001070cf000 	/Library/Java/JavaVirtualMachines/jdk1.8.0_192.jdk/Contents/Home/jre/lib/libjava.dylib
0x0000000107106000 	/Library/Java/JavaVirtualMachines/jdk1.8.0_192.jdk/Contents/Home/jre/lib/libjdwp.dylib
0x0000000107151000 	/Library/Java/JavaVirtualMachines/jdk1.8.0_192.jdk/Contents/Home/jre/lib/libnpt.dylib
0x0000000107155000 	/Library/Java/JavaVirtualMachines/jdk1.8.0_192.jdk/Contents/Home/jre/lib/libinstrument.dylib
0x00000001071c1000 	/Library/Java/JavaVirtualMachines/jdk1.8.0_192.jdk/Contents/Home/jre/lib/libzip.dylib
0x00000001075ea000 	/Library/Java/JavaVirtualMachines/jdk1.8.0_192.jdk/Contents/Home/jre/lib/libdt_socket.dylib
0x00000001255c5000 	/Library/Java/JavaVirtualMachines/jdk1.8.0_192.jdk/Contents/Home/jre/lib/libmanagement.dylib
0x00000001255d3000 	/Library/Java/JavaVirtualMachines/jdk1.8.0_192.jdk/Contents/Home/jre/lib/libnet.dylib
0x0000000125a80000 	/Library/Java/JavaVirtualMachines/jdk1.8.0_192.jdk/Contents/Home/jre/lib/libnio.dylib
0x0000000128e93000 	/Library/Java/JavaVirtualMachines/jdk1.8.0_192.jdk/Contents/Home/jre/lib/libsunec.dylib
0x00007fff6c9c1000 	/usr/lib/libusrtcp.dylib

VM Arguments:
jvm_args: -agentlib:jdwp=transport=dt_socket,suspend=y,address=localhost:62311 -Dspring.profiles.active=dev -javaagent:/Applications/Eclipse.app/Contents/Eclipse/configuration/org.eclipse.osgi/1299/0/.cp/lib/javaagent-shaded.jar -Dfile.encoding=UTF-8 
java_command: com.tracelink.appsec.watchtower.web.Watchtower
java_class_path (initial): /Users/csmith/git/watchtower/watchtower-web/target/classes:/Users/csmith/.m2/repository/org/springframework/boot/spring-boot-starter-oauth2-client/2.4.5/spring-boot-starter-oauth2-client-2.4.5.jar:/Users/csmith/.m2/repository/org/springframework/boot/spring-boot-starter/2.4.5/spring-boot-starter-2.4.5.jar:/Users/csmith/.m2/repository/org/springframework/boot/spring-boot/2.4.5/spring-boot-2.4.5.jar:/Users/csmith/.m2/repository/org/springframework/boot/spring-boot-autoconfigure/2.4.5/spring-boot-autoconfigure-2.4.5.jar:/Users/csmith/.m2/repository/org/springframework/boot/spring-boot-starter-logging/2.4.5/spring-boot-starter-logging-2.4.5.jar:/Users/csmith/.m2/repository/org/apache/logging/log4j/log4j-to-slf4j/2.13.3/log4j-to-slf4j-2.13.3.jar:/Users/csmith/.m2/repository/org/apache/logging/log4j/log4j-api/2.13.3/log4j-api-2.13.3.jar:/Users/csmith/.m2/repository/org/slf4j/jul-to-slf4j/1.7.30/jul-to-slf4j-1.7.30.jar:/Users/csmith/.m2/repository/jakarta/annotation/jakarta.annotation-api/1.3.5/jakarta.annotation-api-1.3.5.jar:/Users/csmith/.m2/repository/org/yaml/snakeyaml/1.27/snakeyaml-1.27.jar:/Users/csmith/.m2/repository/com/sun/mail/jakarta.mail/1.6.7/jakarta.mail-1.6.7.jar:/Users/csmith/.m2/repository/com/sun/activation/jakarta.activation/1.2.2/jakarta.activation-1.2.2.jar:/Users/csmith/.m2/repository/org/springframework/security/spring-security-config/5.4.6/spring-security-config-5.4.6.jar:/Users/csmith/.m2/repository/org/springframework/spring-aop/5.3.6/spring-aop-5.3.6.jar:/Users/csmith/.m2/repository/org/springframework/spring-beans/5.3.6/spring-beans-5.3.6.jar:/Users/csmith/.m2/repository/org/springframework/security/spring-security-core/5.4.6/spring-security-core-5.4.6.jar:/Users/csmith/.m2/repository/org/springframework/spring-expression/5.3.6/spring-expression-5.3.6.jar:/Users/csmith/.m2/repository/org/springframework/security/spring-security-oauth2-client/5.4.6/spring-security-oauth2-client-5.4.6.jar:/Users/csmith/.m2/repository
Launcher Type: SUN_STANDARD

Environment Variables:
PATH=/usr/local/bin:/usr/bin:/bin:/usr/sbin:/sbin
SHELL=/bin/zsh
DISPLAY=/private/tmp/com.apple.launchd.0Br1hrD5O4/org.macosforge.xquartz:0

Signal Handlers:
SIGSEGV: [libjvm.dylib+0x5b67a9], sa_mask[0]=11111111011111110111111111111111, sa_flags=SA_ONSTACK|SA_RESTART|SA_SIGINFO
SIGBUS: [libjvm.dylib+0x5b67a9], sa_mask[0]=11111111011111110111111111111111, sa_flags=SA_RESTART|SA_SIGINFO
SIGFPE: [libjvm.dylib+0x48bf5c], sa_mask[0]=11111111011111110111111111111111, sa_flags=SA_RESTART|SA_SIGINFO
SIGPIPE: [libjvm.dylib+0x48bf5c], sa_mask[0]=11111111011111110111111111111111, sa_flags=SA_RESTART|SA_SIGINFO
SIGXFSZ: [libjvm.dylib+0x48bf5c], sa_mask[0]=11111111011111110111111111111111, sa_flags=SA_RESTART|SA_SIGINFO
SIGILL: [libjvm.dylib+0x48bf5c], sa_mask[0]=11111111011111110111111111111111, sa_flags=SA_RESTART|SA_SIGINFO
SIGUSR1: SIG_DFL, sa_mask[0]=00000000000000000000000000000000, sa_flags=none
SIGUSR2: [libjvm.dylib+0x48ba7a], sa_mask[0]=00100000000000000000000000000000, sa_flags=SA_RESTART|SA_SIGINFO
SIGHUP: [libjvm.dylib+0x48a005], sa_mask[0]=11111111011111110111111111111111, sa_flags=SA_RESTART|SA_SIGINFO
SIGINT: [libjvm.dylib+0x48a005], sa_mask[0]=11111111011111110111111111111111, sa_flags=SA_RESTART|SA_SIGINFO
SIGTERM: [libjvm.dylib+0x48a005], sa_mask[0]=11111111011111110111111111111111, sa_flags=SA_RESTART|SA_SIGINFO
SIGQUIT: [libjvm.dylib+0x48a005], sa_mask[0]=11111111011111110111111111111111, sa_flags=SA_RESTART|SA_SIGINFO


---------------  S Y S T E M  ---------------

OS:Bsduname:Darwin 19.6.0 Darwin Kernel Version 19.6.0: Thu May  6 00:48:39 PDT 2021; root:xnu-6153.141.33~1/RELEASE_X86_64 x86_64
rlimit: STACK 8192k, CORE 0k, NPROC 2784, NOFILE 10240, AS infinity
load average:5.95 4.97 4.31

CPU:total 12 (initial active 12) (6 cores per cpu, 2 threads per core) family 6 model 158 stepping 10, cmov, cx8, fxsr, mmx, sse, sse2, sse3, ssse3, sse4.1, sse4.2, popcnt, avx, avx2, aes, clmul, erms, 3dnowpref, lzcnt, ht, tsc, tscinvbit, bmi1, bmi2, adx

Memory: 4k page, physical 16777216k(83724k free)

/proc/meminfo:


vm_info: Java HotSpot(TM) 64-Bit Server VM (25.192-b12) for bsd-amd64 JRE (1.8.0_192-b12), built on Oct  6 2018 09:36:52 by "java_re" with gcc 4.2.1 (Based on Apple Inc. build 5658) (LLVM build 2336.11.00)

time: Thu Aug 12 21:13:22 2021
timezone: EDT
elapsed time: 128 seconds (0d 0h 2m 8s)

